<?xml version="1.0" encoding="UTF-8"?>
<testng-results ignored="0" total="1" passed="1" failed="0" skipped="0">
  <reporter-output>
    <line>
      <![CDATA[No of Rows::10]]>
    </line>
    <line>
      <![CDATA[Valid username and password]]>
    </line>
    <line>
      <![CDATA[Incorrect user ID or passwordInvalid username or password]]>
    </line>
    <line>
      <![CDATA[Valid username and password]]>
    </line>
    <line>
      <![CDATA[Incorrect user ID or passwordInvalid username or password]]>
    </line>
    <line>
      <![CDATA[Valid username and password]]>
    </line>
    <line>
      <![CDATA[Incorrect user ID or passwordInvalid username or password]]>
    </line>
    <line>
      <![CDATA[Incorrect user ID or passwordInvalid username or password]]>
    </line>
    <line>
      <![CDATA[Valid username and password]]>
    </line>
    <line>
      <![CDATA[Valid username and password]]>
    </line>
    <line>
      <![CDATA[Valid username and password]]>
    </line>
  </reporter-output>
  <suite started-at="2024-02-10T12:16:38 IST" name="Surefire suite" finished-at="2024-02-10T12:17:35 IST" duration-ms="57113">
    <groups>
    </groups>
    <test started-at="2024-02-10T12:16:38 IST" name="Surefire test" finished-at="2024-02-10T12:17:35 IST" duration-ms="57113">
      <class name="driverFactory.AppTest">
        <test-method is-config="true" signature="setup()[pri:0, instance:driverFactory.AppTest@6973bf95]" started-at="2024-02-10T12:16:38 IST" name="setup" finished-at="2024-02-10T12:16:40 IST" duration-ms="1837" status="PASS">
          <reporter-output>
          </reporter-output>
        </test-method> <!-- setup -->
        <test-method signature="startTest()[pri:0, instance:driverFactory.AppTest@6973bf95]" started-at="2024-02-10T12:16:40 IST" name="startTest" finished-at="2024-02-10T12:17:35 IST" duration-ms="55133" status="PASS">
          <reporter-output>
            <line>
              <![CDATA[No of Rows::10]]>
            </line>
            <line>
              <![CDATA[Valid username and password]]>
            </line>
            <line>
              <![CDATA[Incorrect user ID or passwordInvalid username or password]]>
            </line>
            <line>
              <![CDATA[Valid username and password]]>
            </line>
            <line>
              <![CDATA[Incorrect user ID or passwordInvalid username or password]]>
            </line>
            <line>
              <![CDATA[Valid username and password]]>
            </line>
            <line>
              <![CDATA[Incorrect user ID or passwordInvalid username or password]]>
            </line>
            <line>
              <![CDATA[Incorrect user ID or passwordInvalid username or password]]>
            </line>
            <line>
              <![CDATA[Valid username and password]]>
            </line>
            <line>
              <![CDATA[Valid username and password]]>
            </line>
            <line>
              <![CDATA[Valid username and password]]>
            </line>
          </reporter-output>
        </test-method> <!-- startTest -->
        <test-method is-config="true" signature="teardown()[pri:0, instance:driverFactory.AppTest@6973bf95]" started-at="2024-02-10T12:17:35 IST" name="teardown" finished-at="2024-02-10T12:17:35 IST" duration-ms="118" status="PASS">
          <reporter-output>
          </reporter-output>
        </test-method> <!-- teardown -->
      </class> <!-- driverFactory.AppTest -->
    </test> <!-- Surefire test -->
  </suite> <!-- Surefire suite -->
</testng-results>
